[2024-11-10 07:09:29] local.ERROR: could not find driver (Connection: sqlite, SQL: PRAGMA foreign_keys = ON;) {"exception":"[object] (Illuminate\\Database\\QueryException(code: 0): could not find driver (Connection: sqlite, SQL: PRAGMA foreign_keys = ON;) at D:\\LIV MY Version\\LIVMYProject\\vendor\\laravel\\framework\\src\\Illuminate\\Database\\Connection.php:825)
[stacktrace]
#0 D:\\LIV MY Version\\LIVMYProject\\vendor\\laravel\\framework\\src\\Illuminate\\Database\\Connection.php(779): Illuminate\\Database\\Connection->runQueryCallback('PRAGMA foreign_...', Array, Object(Closure))
#1 D:\\LIV MY Version\\LIVMYProject\\vendor\\laravel\\framework\\src\\Illuminate\\Database\\Connection.php(560): Illuminate\\Database\\Connection->run('PRAGMA foreign_...', Array, Object(Closure))
#2 D:\\LIV MY Version\\LIVMYProject\\vendor\\laravel\\framework\\src\\Illuminate\\Database\\Schema\\Builder.php(522): Illuminate\\Database\\Connection->statement('PRAGMA foreign_...')
#3 D:\\LIV MY Version\\LIVMYProject\\vendor\\laravel\\framework\\src\\Illuminate\\Database\\SQLiteConnection.php(59): Illuminate\\Database\\Schema\\Builder->enableForeignKeyConstraints()
#4 D:\\LIV MY Version\\LIVMYProject\\vendor\\laravel\\framework\\src\\Illuminate\\Database\\SQLiteConnection.php(28): Illuminate\\Database\\SQLiteConnection->configureForeignKeyConstraints()
#5 D:\\LIV MY Version\\LIVMYProject\\vendor\\laravel\\framework\\src\\Illuminate\\Database\\Connectors\\ConnectionFactory.php(277): Illuminate\\Database\\SQLiteConnection->__construct(Object(Closure), 'D:\\\\LIV MY Versi...', '', Array)
#6 D:\\LIV MY Version\\LIVMYProject\\vendor\\laravel\\framework\\src\\Illuminate\\Database\\Connectors\\ConnectionFactory.php(76): Illuminate\\Database\\Connectors\\ConnectionFactory->createConnection('sqlite', Object(Closure), 'D:\\\\LIV MY Versi...', '', Array)
#7 D:\\LIV MY Version\\LIVMYProject\\vendor\\laravel\\framework\\src\\Illuminate\\Database\\Connectors\\ConnectionFactory.php(51): Illuminate\\Database\\Connectors\\ConnectionFactory->createSingleConnection(Array)
#8 D:\\LIV MY Version\\LIVMYProject\\vendor\\laravel\\framework\\src\\Illuminate\\Database\\DatabaseManager.php(167): Illuminate\\Database\\Connectors\\ConnectionFactory->make(Array, 'sqlite')
#9 D:\\LIV MY Version\\LIVMYProject\\vendor\\laravel\\framework\\src\\Illuminate\\Database\\DatabaseManager.php(93): Illuminate\\Database\\DatabaseManager->makeConnection('sqlite')
#10 D:\\LIV MY Version\\LIVMYProject\\vendor\\laravel\\framework\\src\\Illuminate\\Cache\\CacheManager.php(214): Illuminate\\Database\\DatabaseManager->connection('sqlite')
#11 D:\\LIV MY Version\\LIVMYProject\\vendor\\laravel\\framework\\src\\Illuminate\\Cache\\CacheManager.php(100): Illuminate\\Cache\\CacheManager->createDatabaseDriver(Array)
#12 D:\\LIV MY Version\\LIVMYProject\\vendor\\laravel\\framework\\src\\Illuminate\\Cache\\CacheManager.php(61): Illuminate\\Cache\\CacheManager->resolve('database')
#13 D:\\LIV MY Version\\LIVMYProject\\vendor\\laravel\\framework\\src\\Illuminate\\Cache\\CacheManager.php(72): Illuminate\\Cache\\CacheManager->store('database')
#14 D:\\LIV MY Version\\LIVMYProject\\vendor\\laravel\\framework\\src\\Illuminate\\Cache\\CacheServiceProvider.php(23): Illuminate\\Cache\\CacheManager->driver()
#15 D:\\LIV MY Version\\LIVMYProject\\vendor\\laravel\\framework\\src\\Illuminate\\Container\\Container.php(931): Illuminate\\Cache\\CacheServiceProvider->Illuminate\\Cache\\{closure}(Object(Illuminate\\Foundation\\Application), Array)
#16 D:\\LIV MY Version\\LIVMYProject\\vendor\\laravel\\framework\\src\\Illuminate\\Container\\Container.php(815): Illuminate\\Container\\Container->build(Object(Closure))
#17 D:\\LIV MY Version\\LIVMYProject\\vendor\\laravel\\framework\\src\\Illuminate\\Foundation\\Application.php(1046): Illuminate\\Container\\Container->resolve('cache.store', Array, true)
#18 D:\\LIV MY Version\\LIVMYProject\\vendor\\laravel\\framework\\src\\Illuminate\\Container\\Container.php(751): Illuminate\\Foundation\\Application->resolve('cache.store', Array)
#19 D:\\LIV MY Version\\LIVMYProject\\vendor\\laravel\\framework\\src\\Illuminate\\Foundation\\Application.php(1028): Illuminate\\Container\\Container->make('cache.store', Array)
#20 D:\\LIV MY Version\\LIVMYProject\\vendor\\laravel\\framework\\src\\Illuminate\\Container\\Container.php(1559): Illuminate\\Foundation\\Application->make('cache.store')
#21 D:\\LIV MY Version\\LIVMYProject\\vendor\\laravel\\framework\\src\\Illuminate\\Foundation\\Providers\\ArtisanServiceProvider.php(697): Illuminate\\Container\\Container->offsetGet('cache.store')
#22 D:\\LIV MY Version\\LIVMYProject\\vendor\\laravel\\framework\\src\\Illuminate\\Container\\Container.php(931): Illuminate\\Foundation\\Providers\\ArtisanServiceProvider->Illuminate\\Foundation\\Providers\\{closure}(Object(Illuminate\\Foundation\\Application), Array)
#23 D:\\LIV MY Version\\LIVMYProject\\vendor\\laravel\\framework\\src\\Illuminate\\Container\\Container.php(815): Illuminate\\Container\\Container->build(Object(Closure))
#24 D:\\LIV MY Version\\LIVMYProject\\vendor\\laravel\\framework\\src\\Illuminate\\Foundation\\Application.php(1046): Illuminate\\Container\\Container->resolve('Illuminate\\\\Queu...', Array, true)
#25 D:\\LIV MY Version\\LIVMYProject\\vendor\\laravel\\framework\\src\\Illuminate\\Container\\Container.php(762): Illuminate\\Foundation\\Application->resolve('Illuminate\\\\Queu...')
#26 D:\\LIV MY Version\\LIVMYProject\\vendor\\laravel\\framework\\src\\Illuminate\\Console\\ContainerCommandLoader.php(53): Illuminate\\Container\\Container->get('Illuminate\\\\Queu...')
#27 D:\\LIV MY Version\\LIVMYProject\\vendor\\symfony\\console\\Application.php(584): Illuminate\\Console\\ContainerCommandLoader->get('queue:restart')
#28 D:\\LIV MY Version\\LIVMYProject\\vendor\\symfony\\console\\Application.php(774): Symfony\\Component\\Console\\Application->has('queue:restart')
#29 D:\\LIV MY Version\\LIVMYProject\\vendor\\symfony\\console\\Application.php(597): Symfony\\Component\\Console\\Application->all()
#30 D:\\LIV MY Version\\LIVMYProject\\vendor\\symfony\\console\\Application.php(619): Symfony\\Component\\Console\\Application->getNamespaces()
#31 D:\\LIV MY Version\\LIVMYProject\\vendor\\symfony\\console\\Application.php(685): Symfony\\Component\\Console\\Application->findNamespace('inertia')
#32 D:\\LIV MY Version\\LIVMYProject\\vendor\\symfony\\console\\Application.php(258): Symfony\\Component\\Console\\Application->find('inertia:middlew...')
#33 D:\\LIV MY Version\\LIVMYProject\\vendor\\symfony\\console\\Application.php(167): Symfony\\Component\\Console\\Application->doRun(Object(Symfony\\Component\\Console\\Input\\ArgvInput), Object(Symfony\\Component\\Console\\Output\\ConsoleOutput))
#34 D:\\LIV MY Version\\LIVMYProject\\vendor\\laravel\\framework\\src\\Illuminate\\Foundation\\Console\\Kernel.php(197): Symfony\\Component\\Console\\Application->run(Object(Symfony\\Component\\Console\\Input\\ArgvInput), Object(Symfony\\Component\\Console\\Output\\ConsoleOutput))
#35 D:\\LIV MY Version\\LIVMYProject\\vendor\\laravel\\framework\\src\\Illuminate\\Foundation\\Application.php(1203): Illuminate\\Foundation\\Console\\Kernel->handle(Object(Symfony\\Component\\Console\\Input\\ArgvInput), Object(Symfony\\Component\\Console\\Output\\ConsoleOutput))
#36 D:\\LIV MY Version\\LIVMYProject\\artisan(13): Illuminate\\Foundation\\Application->handleCommand(Object(Symfony\\Component\\Console\\Input\\ArgvInput))
#37 {main}

[previous exception] [object] (PDOException(code: 0): could not find driver at D:\\LIV MY Version\\LIVMYProject\\vendor\\laravel\\framework\\src\\Illuminate\\Database\\Connectors\\Connector.php:66)
[stacktrace]
#0 D:\\LIV MY Version\\LIVMYProject\\vendor\\laravel\\framework\\src\\Illuminate\\Database\\Connectors\\Connector.php(66): PDO->__construct('sqlite:D:\\\\LIV M...', NULL, Object(SensitiveParameterValue), Array)
#1 D:\\LIV MY Version\\LIVMYProject\\vendor\\laravel\\framework\\src\\Illuminate\\Database\\Connectors\\Connector.php(44): Illuminate\\Database\\Connectors\\Connector->createPdoConnection('sqlite:D:\\\\LIV M...', NULL, NULL, Array)
#2 D:\\LIV MY Version\\LIVMYProject\\vendor\\laravel\\framework\\src\\Illuminate\\Database\\Connectors\\SQLiteConnector.php(37): Illuminate\\Database\\Connectors\\Connector->createConnection('sqlite:D:\\\\LIV M...', Array, Array)
#3 D:\\LIV MY Version\\LIVMYProject\\vendor\\laravel\\framework\\src\\Illuminate\\Database\\Connectors\\ConnectionFactory.php(224): Illuminate\\Database\\Connectors\\SQLiteConnector->connect(Array)
#4 [internal function]: Illuminate\\Database\\Connectors\\ConnectionFactory->Illuminate\\Database\\Connectors\\{closure}()
#5 D:\\LIV MY Version\\LIVMYProject\\vendor\\laravel\\framework\\src\\Illuminate\\Database\\Connection.php(1231): call_user_func(Object(Closure))
#6 D:\\LIV MY Version\\LIVMYProject\\vendor\\laravel\\framework\\src\\Illuminate\\Database\\Connection.php(565): Illuminate\\Database\\Connection->getPdo()
#7 D:\\LIV MY Version\\LIVMYProject\\vendor\\laravel\\framework\\src\\Illuminate\\Database\\Connection.php(812): Illuminate\\Database\\Connection->Illuminate\\Database\\{closure}('PRAGMA foreign_...', Array)
#8 D:\\LIV MY Version\\LIVMYProject\\vendor\\laravel\\framework\\src\\Illuminate\\Database\\Connection.php(779): Illuminate\\Database\\Connection->runQueryCallback('PRAGMA foreign_...', Array, Object(Closure))
#9 D:\\LIV MY Version\\LIVMYProject\\vendor\\laravel\\framework\\src\\Illuminate\\Database\\Connection.php(560): Illuminate\\Database\\Connection->run('PRAGMA foreign_...', Array, Object(Closure))
#10 D:\\LIV MY Version\\LIVMYProject\\vendor\\laravel\\framework\\src\\Illuminate\\Database\\Schema\\Builder.php(522): Illuminate\\Database\\Connection->statement('PRAGMA foreign_...')
#11 D:\\LIV MY Version\\LIVMYProject\\vendor\\laravel\\framework\\src\\Illuminate\\Database\\SQLiteConnection.php(59): Illuminate\\Database\\Schema\\Builder->enableForeignKeyConstraints()
#12 D:\\LIV MY Version\\LIVMYProject\\vendor\\laravel\\framework\\src\\Illuminate\\Database\\SQLiteConnection.php(28): Illuminate\\Database\\SQLiteConnection->configureForeignKeyConstraints()
#13 D:\\LIV MY Version\\LIVMYProject\\vendor\\laravel\\framework\\src\\Illuminate\\Database\\Connectors\\ConnectionFactory.php(277): Illuminate\\Database\\SQLiteConnection->__construct(Object(Closure), 'D:\\\\LIV MY Versi...', '', Array)
#14 D:\\LIV MY Version\\LIVMYProject\\vendor\\laravel\\framework\\src\\Illuminate\\Database\\Connectors\\ConnectionFactory.php(76): Illuminate\\Database\\Connectors\\ConnectionFactory->createConnection('sqlite', Object(Closure), 'D:\\\\LIV MY Versi...', '', Array)
#15 D:\\LIV MY Version\\LIVMYProject\\vendor\\laravel\\framework\\src\\Illuminate\\Database\\Connectors\\ConnectionFactory.php(51): Illuminate\\Database\\Connectors\\ConnectionFactory->createSingleConnection(Array)
#16 D:\\LIV MY Version\\LIVMYProject\\vendor\\laravel\\framework\\src\\Illuminate\\Database\\DatabaseManager.php(167): Illuminate\\Database\\Connectors\\ConnectionFactory->make(Array, 'sqlite')
#17 D:\\LIV MY Version\\LIVMYProject\\vendor\\laravel\\framework\\src\\Illuminate\\Database\\DatabaseManager.php(93): Illuminate\\Database\\DatabaseManager->makeConnection('sqlite')
#18 D:\\LIV MY Version\\LIVMYProject\\vendor\\laravel\\framework\\src\\Illuminate\\Cache\\CacheManager.php(214): Illuminate\\Database\\DatabaseManager->connection('sqlite')
#19 D:\\LIV MY Version\\LIVMYProject\\vendor\\laravel\\framework\\src\\Illuminate\\Cache\\CacheManager.php(100): Illuminate\\Cache\\CacheManager->createDatabaseDriver(Array)
#20 D:\\LIV MY Version\\LIVMYProject\\vendor\\laravel\\framework\\src\\Illuminate\\Cache\\CacheManager.php(61): Illuminate\\Cache\\CacheManager->resolve('database')
#21 D:\\LIV MY Version\\LIVMYProject\\vendor\\laravel\\framework\\src\\Illuminate\\Cache\\CacheManager.php(72): Illuminate\\Cache\\CacheManager->store('database')
#22 D:\\LIV MY Version\\LIVMYProject\\vendor\\laravel\\framework\\src\\Illuminate\\Cache\\CacheServiceProvider.php(23): Illuminate\\Cache\\CacheManager->driver()
#23 D:\\LIV MY Version\\LIVMYProject\\vendor\\laravel\\framework\\src\\Illuminate\\Container\\Container.php(931): Illuminate\\Cache\\CacheServiceProvider->Illuminate\\Cache\\{closure}(Object(Illuminate\\Foundation\\Application), Array)
#24 D:\\LIV MY Version\\LIVMYProject\\vendor\\laravel\\framework\\src\\Illuminate\\Container\\Container.php(815): Illuminate\\Container\\Container->build(Object(Closure))
#25 D:\\LIV MY Version\\LIVMYProject\\vendor\\laravel\\framework\\src\\Illuminate\\Foundation\\Application.php(1046): Illuminate\\Container\\Container->resolve('cache.store', Array, true)
#26 D:\\LIV MY Version\\LIVMYProject\\vendor\\laravel\\framework\\src\\Illuminate\\Container\\Container.php(751): Illuminate\\Foundation\\Application->resolve('cache.store', Array)
#27 D:\\LIV MY Version\\LIVMYProject\\vendor\\laravel\\framework\\src\\Illuminate\\Foundation\\Application.php(1028): Illuminate\\Container\\Container->make('cache.store', Array)
#28 D:\\LIV MY Version\\LIVMYProject\\vendor\\laravel\\framework\\src\\Illuminate\\Container\\Container.php(1559): Illuminate\\Foundation\\Application->make('cache.store')
#29 D:\\LIV MY Version\\LIVMYProject\\vendor\\laravel\\framework\\src\\Illuminate\\Foundation\\Providers\\ArtisanServiceProvider.php(697): Illuminate\\Container\\Container->offsetGet('cache.store')
#30 D:\\LIV MY Version\\LIVMYProject\\vendor\\laravel\\framework\\src\\Illuminate\\Container\\Container.php(931): Illuminate\\Foundation\\Providers\\ArtisanServiceProvider->Illuminate\\Foundation\\Providers\\{closure}(Object(Illuminate\\Foundation\\Application), Array)
#31 D:\\LIV MY Version\\LIVMYProject\\vendor\\laravel\\framework\\src\\Illuminate\\Container\\Container.php(815): Illuminate\\Container\\Container->build(Object(Closure))
#32 D:\\LIV MY Version\\LIVMYProject\\vendor\\laravel\\framework\\src\\Illuminate\\Foundation\\Application.php(1046): Illuminate\\Container\\Container->resolve('Illuminate\\\\Queu...', Array, true)
#33 D:\\LIV MY Version\\LIVMYProject\\vendor\\laravel\\framework\\src\\Illuminate\\Container\\Container.php(762): Illuminate\\Foundation\\Application->resolve('Illuminate\\\\Queu...')
#34 D:\\LIV MY Version\\LIVMYProject\\vendor\\laravel\\framework\\src\\Illuminate\\Console\\ContainerCommandLoader.php(53): Illuminate\\Container\\Container->get('Illuminate\\\\Queu...')
#35 D:\\LIV MY Version\\LIVMYProject\\vendor\\symfony\\console\\Application.php(584): Illuminate\\Console\\ContainerCommandLoader->get('queue:restart')
#36 D:\\LIV MY Version\\LIVMYProject\\vendor\\symfony\\console\\Application.php(774): Symfony\\Component\\Console\\Application->has('queue:restart')
#37 D:\\LIV MY Version\\LIVMYProject\\vendor\\symfony\\console\\Application.php(597): Symfony\\Component\\Console\\Application->all()
#38 D:\\LIV MY Version\\LIVMYProject\\vendor\\symfony\\console\\Application.php(619): Symfony\\Component\\Console\\Application->getNamespaces()
#39 D:\\LIV MY Version\\LIVMYProject\\vendor\\symfony\\console\\Application.php(685): Symfony\\Component\\Console\\Application->findNamespace('inertia')
#40 D:\\LIV MY Version\\LIVMYProject\\vendor\\symfony\\console\\Application.php(258): Symfony\\Component\\Console\\Application->find('inertia:middlew...')
#41 D:\\LIV MY Version\\LIVMYProject\\vendor\\symfony\\console\\Application.php(167): Symfony\\Component\\Console\\Application->doRun(Object(Symfony\\Component\\Console\\Input\\ArgvInput), Object(Symfony\\Component\\Console\\Output\\ConsoleOutput))
#42 D:\\LIV MY Version\\LIVMYProject\\vendor\\laravel\\framework\\src\\Illuminate\\Foundation\\Console\\Kernel.php(197): Symfony\\Component\\Console\\Application->run(Object(Symfony\\Component\\Console\\Input\\ArgvInput), Object(Symfony\\Component\\Console\\Output\\ConsoleOutput))
#43 D:\\LIV MY Version\\LIVMYProject\\vendor\\laravel\\framework\\src\\Illuminate\\Foundation\\Application.php(1203): Illuminate\\Foundation\\Console\\Kernel->handle(Object(Symfony\\Component\\Console\\Input\\ArgvInput), Object(Symfony\\Component\\Console\\Output\\ConsoleOutput))
#44 D:\\LIV MY Version\\LIVMYProject\\artisan(13): Illuminate\\Foundation\\Application->handleCommand(Object(Symfony\\Component\\Console\\Input\\ArgvInput))
#45 {main}
"} 
